TN:
SF:app.js
FN:28,(anonymous_0)
FN:33,(anonymous_1)
FNF:2
FNH:2
FNDA:1,(anonymous_0)
FNDA:1,(anonymous_1)
DA:1,2
DA:2,2
DA:3,2
DA:4,2
DA:5,2
DA:7,2
DA:8,2
DA:9,2
DA:11,2
DA:14,2
DA:15,2
DA:17,2
DA:18,2
DA:19,2
DA:20,2
DA:21,2
DA:23,2
DA:24,2
DA:25,2
DA:28,2
DA:29,1
DA:33,2
DA:35,1
DA:36,1
DA:39,1
DA:40,1
DA:43,2
LF:27
LH:27
BRDA:36,0,0,0
BRDA:36,0,1,1
BRDA:39,1,0,1
BRDA:39,1,1,0
BRF:4
BRH:2
end_of_record
TN:
SF:routes/api.js
FN:23,(anonymous_0)
FN:65,(anonymous_1)
FNF:2
FNH:2
FNDA:13,(anonymous_0)
FNDA:11,(anonymous_1)
DA:1,2
DA:2,2
DA:3,2
DA:23,2
DA:24,13
DA:25,13
DA:26,12
DA:27,12
DA:32,1
DA:65,2
DA:66,11
DA:69,11
DA:70,3
DA:73,8
DA:74,8
DA:75,0
DA:78,8
DA:79,8
DA:80,7
DA:81,2
DA:83,5
DA:88,1
DA:92,2
LF:23
LH:22
BRDA:69,0,0,3
BRDA:69,0,1,8
BRDA:74,1,0,0
BRDA:74,1,1,8
BRDA:80,2,0,2
BRDA:80,2,1,5
BRDA:80,3,0,7
BRDA:80,3,1,6
BRF:8
BRH:7
end_of_record
TN:
SF:routes/index.js
FN:5,(anonymous_0)
FNF:1
FNH:0
FNDA:0,(anonymous_0)
DA:1,2
DA:2,2
DA:5,2
DA:6,0
DA:9,2
LF:5
LH:4
BRF:0
BRH:0
end_of_record
TN:
SF:utils/dataLoader.js
FN:8,(anonymous_0)
FNF:1
FNH:1
FNDA:23,(anonymous_0)
DA:1,3
DA:8,3
DA:9,23
DA:10,23
DA:11,22
DA:14,3
DA:15,0
DA:17,3
DA:21,3
LF:9
LH:8
BRDA:14,0,0,0
BRDA:14,0,1,3
BRF:2
BRH:1
end_of_record
TN:
SF:utils/swagger.js
FNF:0
FNH:0
DA:1,2
DA:2,2
DA:4,2
DA:16,2
DA:18,2
LF:5
LH:5
BRF:0
BRH:0
end_of_record
